C51 COMPILER V9.60.7.0   DEMO_IIC                                                          04/13/2026 21:10:58 PAGE 1   


C51 COMPILER V9.60.7.0, COMPILATION OF MODULE DEMO_IIC
OBJECT MODULE PLACED IN .\Objects\demo_iic.obj
COMPILER INVOKED BY: D:\MySoftware\Keil_v5\C51\BIN\C51.EXE ..\code\demo_iic.c OMF2 OPTIMIZE(8,SPEED) BROWSE INCDIR(..\co
                    -de;..\..\Libary\StdDriver\inc;..\..\Libary\Device\CMS8F003\Include) DEBUG PRINT(.\Listings\demo_iic.lst) TABS(2) OBJECT(
                    -.\Objects\demo_iic.obj)

line level    source

   1          /*******************************************************************************
   2          * Copyright (C) 2019 China Micro Semiconductor Limited Company. All Rights Reserved.
   3          *
   4          * This software is owned and published by CMS LLC.
   5          *
   6          * BY DOWNLOADING, INSTALLING OR USING THIS SOFTWARE, YOU AGREE TO BE BOUND
   7          * BY ALL THE TERMS AND CONDITIONS OF THIS AGREEMENT.
   8          *
   9          * This software contains source code for use with CMS
  10          * components. This software is licensed by CMS to be adapted only
  11          * for use in systems utilizing CMS components. CMS shall not be
  12          * responsible for misuse or illegal use of this software for devices not
  13          * supported herein. CMS is providing this software "AS IS" and will
  14          * not be responsible for issues arising from incorrect user implementation
  15          * of the software.
  16          *
  17          * This software may be replicated in part or whole for the licensed use,
  18          * with the restriction that this Disclaimer and Copyright notice must be
  19          * included with each copy of this software, whether used in part or whole,
  20          * at all times.
  21          */
  22          
  23          /****************************************************************************/
  24          /** \file demo_iic.c
  25          **
  26          **  
  27          **
  28          **  History:
  29          **  
  30          *****************************************************************************/
  31          /****************************************************************************/
  32          /*  include files
  33          *****************************************************************************/
  34          #include "demo_iic.h"
  35          #include "uart.h"
  36          #include "stdio.h"
  37          /****************************************************************************/
  38          /*  Local pre-processor symbols('#define')
  39          ****************************************************************************/
  40          
  41          /****************************************************************************/
  42          /*  Global variable definitions(declared in header file with 'extern')
  43          ****************************************************************************/
  44          
  45          /****************************************************************************/
  46          /*  Local type definitions('typedef')
  47          ****************************************************************************/
  48          
  49          /****************************************************************************/
  50          /*  Local variable  definitions('static')
  51          ****************************************************************************/
  52          
  53          /****************************************************************************/
C51 COMPILER V9.60.7.0   DEMO_IIC                                                          04/13/2026 21:10:58 PAGE 2   

  54          /*  Local function prototypes('static')
  55          ****************************************************************************/
  56          
  57          /****************************************************************************/
  58          /*  Function implementation - global ('extern') and local('static')
  59          ****************************************************************************/
  60          #define   IIC_SCL_IO        P04   //SCL，时钟口
  61          #define   IIC_SDA_IO        P05   //SDA，数据口
  62          
  63          #define   TRUE          1
  64          #define   FALSE         0
  65          
  66          #define   RECE_BUFFER_LENGTH    4     //定义接收数组长度
  67          #define   SEND_BUFFER_LENGTH    4     //定义发送数组长度
  68          
  69          uint8_t Recebuffer[RECE_BUFFER_LENGTH]; //接收数据缓存
  70          uint8_t Sendbuffer[SEND_BUFFER_LENGTH]; //发送数据缓存
  71          /****************************************************************************/
  72          /*  Function implementation - global ('extern') and local('static')
  73          ****************************************************************************/
  74          
  75          
  76          /***********************************************
  77          函数名称：IIC_Set_Master
  78          函数功能：IIC状态设置
  79          入口参数：无
  80          出口参数：无
  81          备注：
  82          ************************************************/
  83          void IIC_Set_Master()
  84          { 
  85   1        IIC_SDA_IO = 1;         //SDA及SCL为输入口使能IIC后自动为漏极开路
  86   1        IIC_SCL_IO = 1;         
  87   1        IICADD = 0x24;          //时钟=FSYS/(4*(IICADD+4)) 100khz
  88   1        IICSTAT = 0x00;         
  89   1        IICCON = 0x20;          //主控模式
  90   1        IICCON2 = 0x00;
  91   1      }
  92          
  93          
  94          /***********************************************
  95          函数名称：IIC_Start
  96          函数功能：硬件产生IIC启动信号
  97          入口参数：无
  98          出口参数：无
  99          备注：
 100          ************************************************/
 101          void IIC_Start()
 102          {
 103   1          printf("IIC_Start\n");
 104   1          IICCON2 |= 0x01;
 105   1          if(IIC_WaitStatus() == FALSE) {
 106   2              printf("  -> Start timeout!\n");
 107   2          }
 108   1      }
 109          
 110          void IIC_ReStart()
 111          {
 112   1        IICCON2 |= 0x02;              //重复启动条件使能位  
 113   1      
 114   1        IIC_WaitStatus();             //等待启动信号产生完成
 115   1      }
C51 COMPILER V9.60.7.0   DEMO_IIC                                                          04/13/2026 21:10:58 PAGE 3   

 116          
 117          /***********************************************
 118          函数名称：IIC_Stop
 119          函数功能：硬件产生IIC停止信号
 120          入口参数：无
 121          出口参数：无
 122          备注：
 123          ************************************************/
 124          void IIC_Stop()
 125          {
 126   1          printf("IIC_Stop\n");
 127   1          IICCON2 |= 0x04;
 128   1          if(IIC_WaitStatus() == FALSE) {
 129   2              printf("  -> Stop timeout!\n");
 130   2          }
 131   1      }
 132          
 133          /***********************************************
 134          函数名称：IIC_Write1Byte
 135          函数功能：向从机写1字节数据
 136          入口参数：data - 待写入数据
 137          出口参数：无
 138          备注：
 139          ************************************************/
 140          void IIC_Write1Byte(unsigned char Rdata)
 141          {
 142   1          printf("Sending: 0x%02X\n", (int)Rdata);
 143   1          IICBUF = Rdata;
 144   1          if(IIC_WaitStatus() == FALSE) {
 145   2              printf("  -> Write timeout!\n");
 146   2          } else {
 147   2              printf("  -> Write OK\n");
 148   2          }
 149   1      }
 150          
 151          
 152          /***********************************************
 153          函数名称：IIC_Read1Byte
 154          函数功能：读取来自从机的1字节数据
 155          入口参数：无
 156          出口参数：SSPBUF - 接收到的数据
 157          备注：
 158          ************************************************/
 159          unsigned char IIC_Read1Byte()
 160          {
 161   1          printf("IIC_Read1Byte\n");
 162   1          IICCON2 |= 0x08;
 163   1          if(IIC_WaitStatus() == FALSE) {
 164   2              printf("  -> Read timeout!\n");
 165   2              return 0xFF;  // 返回一个明显的错误值
 166   2          }
 167   1          printf("  -> Read OK, data=0x%02X\n", (int)IICBUF);
 168   1          return IICBUF;
 169   1      }
 170          
 171          /***********************************************
 172          函数名称：IIC_Answer
 173          函数功能：发送应答序列
 174          入口参数：ack - 应答序列
 175          出口参数：无
 176          备注：
 177          ************************************************/
C51 COMPILER V9.60.7.0   DEMO_IIC                                                          04/13/2026 21:10:58 PAGE 4   

 178          void IIC_Answer(unsigned char ack)
 179          {
 180   1         
 181   1        if(ack)                 //发送完成后是否发送应答
 182   1          IICCON2 |= 0x20;      //1不应答
 183   1        else
 184   1          IICCON2 &= 0xDF;      //0应答
 185   1        
 186   1        IICCON2 |= 0x01;        //启动应答，发送ACKDT数据位 
 187   1          
 188   1        IIC_WaitStatus();       //等待ACK发送完成
 189   1      }
 190          /***********************************************
 191          函数名称：IIC_WaitStatus
 192          函数功能：状态等待完成及返回
 193          入口参数：无
 194          出口参数：TRUE OR FALSE
 195          备注：
 196          ************************************************/
 197          unsigned char IIC_WaitStatus()
 198          {
 199   1        unsigned int t = 5000;
 200   1        
 201   1        while(0 == (PIR2&0x02))         //直到完成为止
 202   1        {
 203   2          if(0 == (--t))
 204   2          {
 205   3            IIC_Set_Master();           //超时重新初始化
 206   3            PIR2 &= 0xFD;               //清IICIF标志位
 207   3            nop_();                     //PIRx执行后需要一个nop
 208   3            return FALSE;     
 209   3          }
 210   2        }
 211   1        PIR2 &= 0xFD;                   //清IICIF标志位
 212   1        nop_();                         //PIRx执行后需要一个nop
 213   1        return TRUE;
 214   1      }
 215          /******************************************************************************
 216           ** \brief   IIC_Config
 217           ** \param [in] 
 218           **             
 219           ** \return  none
 220           ** \note  
 221           ******************************************************************************/
 222          
 223          /****************************************************************************
 224           * 函数名：IIC_Read_Adress_Byte
 225           * 功能描述：读指定设备地址的一个Byte数据
 226           * 输入值：设备地址，寄存器地址
 227           * 返回值：读取的数据
 228           * ************************************************************************/
 229          unsigned char IIC_Read_Adress_Byte(unsigned char Write_Device_Adress, unsigned char Reg_Adress)
 230          {
 231   1          unsigned char Read_Device_Adress = Write_Device_Adress + 1;
 232   1          unsigned char Rdata;
 233   1          
 234   1          // 写寄存器地址
 235   1          IIC_Start();
 236   1          IIC_Write1Byte(Write_Device_Adress);// 发送设备地址+写
 237   1          IIC_Write1Byte(Reg_Adress);         // 发送寄存器地址
 238   1          // 重新启动读数据
 239   1          IIC_ReStart();                      // 重复启动条件使能位 
C51 COMPILER V9.60.7.0   DEMO_IIC                                                          04/13/2026 21:10:58 PAGE 5   

 240   1          IIC_Write1Byte(Read_Device_Adress); // 发送设备地址+读
 241   1          Rdata = IIC_Read1Byte();            // 读取数据
 242   1          IIC_Answer(1);                      // 发送NACK
 243   1          IIC_Stop();
 244   1          
 245   1          return Rdata;
 246   1      }
 247          
 248          /****************************************************************************
 249           * 函数名：IIC_Write_One_Byte
 250           * 功能描述：往指定设备地址写一个Byte数据
 251           * 输入值：设备地址，寄存器地址，数据
 252           * 返回值：无
 253           * ************************************************************************/
 254          void IIC_Write_One_Byte(unsigned char Write_Device_Adress, unsigned char Reg_Adress, unsigned char Write_D
             -ata)
 255          {
 256   1          IIC_Start();
 257   1          IIC_Write1Byte(Write_Device_Adress);// 发送设备地址+写
 258   1          IIC_Write1Byte(Reg_Adress);         // 发送寄存器地址
 259   1          IIC_Write1Byte(Write_Data);         // 发送数据
 260   1          IIC_Stop();
 261   1      }
 262          
 263          
 264          void IIC_Config(void)
 265          {
 266   1        /****************************************************************************
 267   1          设置IO
 268   1        *****************************************************************************/
 269   1         //RCSTA &= 0xFE;                         //选择SDA=P05,SCL=P04
 270   1         GPIO_ENABLE_INPUT(P0TRIS, GPIO_PIN_4);   //初始化P04为输出口
 271   1         GPIO_ENABLE_INPUT(P0TRIS, GPIO_PIN_5);   //初始化P05为输出口 
 272   1         //需要外部上拉电阻
 273   1      //   GPIO_ENABLE_UP(P0RD,4);
 274   1      //   GPIO_ENABLE_UP(P0RD,5);
 275   1        
 276   1      }
 277          
 278          


MODULE INFORMATION:   STATIC OVERLAYABLE
   CODE SIZE        =    298    ----
   CONSTANT SIZE    =    177    ----
   XDATA SIZE       =   ----    ----
   PDATA SIZE       =   ----    ----
   DATA SIZE        =      8       8
   IDATA SIZE       =   ----    ----
   BIT SIZE         =   ----    ----
   EDATA SIZE       =   ----    ----
   HDATA SIZE       =   ----    ----
   XDATA CONST SIZE =   ----    ----
   FAR CONST SIZE   =   ----    ----
END OF MODULE INFORMATION.


C51 COMPILATION COMPLETE.  0 WARNING(S),  0 ERROR(S)
