C51 COMPILER V9.60.7.0   MAIN                                                              04/25/2026 16:57:27 PAGE 1   


C51 COMPILER V9.60.7.0, COMPILATION OF MODULE MAIN
OBJECT MODULE PLACED IN .\Objects\main.obj
COMPILER INVOKED BY: D:\MySoftware\Keil_v5\C51\BIN\C51.EXE ..\code\main.c OMF2 OPTIMIZE(8,SPEED) BROWSE INCDIR(..\code;.
                    -.\..\Libary\StdDriver\inc;..\..\Libary\Device\CMS8F003\Include) DEBUG PRINT(.\Listings\main.lst) TABS(2) OBJECT(.\Object
                    -s\main.obj)

line level    source

   1          /*******************************************************************************
   2          * Copyright (C) 2019 China Micro Semiconductor Limited Company. All Rights Reserved.
   3          *
   4          * This software is owned and published by CMS LLC.
   5          *
   6          * BY DOWNLOADING, INSTALLING OR USING THIS SOFTWARE, YOU AGREE TO BE BOUND
   7          * BY ALL THE TERMS AND CONDITIONS OF THIS AGREEMENT.
   8          *
   9          * This software contains source code for use with CMS
  10          * components. This software is licensed by CMS to be adapted only
  11          * for use in systems utilizing CMS components. CMS shall not be
  12          * responsible for misuse or illegal use of this software for devices not
  13          * supported herein. CMS is providing this software "AS IS" and will
  14          * not be responsible for issues arising from incorrect user implementation
  15          * of the software.
  16          *
  17          * This software may be replicated in part or whole for the licensed use,
  18          * with the restriction that this Disclaimer and Copyright notice must be
  19          * included with each copy of this software, whether used in part or whole,
  20          * at all times.
  21          */
  22          
  23          /****************************************************************************/
  24          /** \file main.c
  25          **
  26          ** 
  27          **
  28          **  History:
  29          **  
  30          *****************************************************************************/
  31          /****************************************************************************/
  32          /*  include files
  33          *****************************************************************************/
  34          #include "cms8f003.h"
  35          #include "iic.h"
  36          #include "uart.h"
  37          #include "stdio.h"
  38          #include "timer.h"
  39          /****************************************************************************/
  40          /*  Local pre-processor symbols('#define')
  41          *****************************************************************************/
  42          
  43          /****************************************************************************/
  44          /*  Global variable definitions(declared in header file with 'extern')
  45          *****************************************************************************/
  46          
  47          
  48          /****************************************************************************/
  49          /*  Local type definitions('typedef')
  50          *****************************************************************************/
  51          
  52          /****************************************************************************/
  53          /*  Local variable  definitions('static')
C51 COMPILER V9.60.7.0   MAIN                                                              04/25/2026 16:57:27 PAGE 2   

  54          *****************************************************************************/
  55          
  56          /****************************************************************************/
  57          /*  Local function prototypes('static')
  58          *****************************************************************************/
  59          uint16_t times;
  60          
  61          /****************************************************************************/
  62          /*  Function implementation - global ('extern') and local('static')
  63          *****************************************************************************/
  64          extern uint8_t Sendbuffer[];
  65          /*****************************************************************************
  66           ** \brief   main
  67           **
  68           ** \param [in]  none   
  69           **
  70           ** \return 0
  71           *****************************************************************************/
  72          void GPIO_config(void){
  73   1      
  74   1          GPIO_ENABLE_OUTPUT(P1TRIS, GPIO_PIN_3);
  75   1          P13 = 1;  //µÕµÁ∆ΩµºÕ®
  76   1          GPIO_ENABLE_OUTPUT(P1TRIS, GPIO_PIN_5);
  77   1          P15 = 1;  //µÕµÁ∆ΩµºÕ®
  78   1          
  79   1      }
  80          
  81          int main(void)
  82          {   
  83   1        
  84   1        OSCCON = 0x70;            //ƒ⁄≤ø’Òµ¥∆˜”√◊˜œµÕ≥ ±÷”
  85   1        
  86   1        IIC_Config();
  87   1        UART_Config();
  88   1        TMR1_Config();
  89   1                  
  90   1        while(1)
  91   1        {   
  92   2            if(flag_10ms == 1){
  93   3                flag_10ms = 0;
  94   3                IIC_Write_One_Byte(0x02,0x13,0x30); 
  95   3            }   
  96   2            if(flag_100ms == 1){
  97   3                flag_100ms = 0; 
  98   3                IIC_Read_Adress_Byte(0x02,0x13);  //∂¡–¥≤ªƒ‹Õ¨ ±Ω¯––
  99   3                printf("IIC_RxData=0x%02x\r\n", (int)IIC_RxData);       
 100   3            }   
 101   2            
 102   2        }   
 103   1      }
 104          
 105          
 106          
 107          


MODULE INFORMATION:   STATIC OVERLAYABLE
   CODE SIZE        =     67    ----
   CONSTANT SIZE    =     20    ----
   XDATA SIZE       =   ----    ----
   PDATA SIZE       =   ----    ----
   DATA SIZE        =      2    ----
C51 COMPILER V9.60.7.0   MAIN                                                              04/25/2026 16:57:27 PAGE 3   

   IDATA SIZE       =   ----    ----
   BIT SIZE         =   ----    ----
   EDATA SIZE       =   ----    ----
   HDATA SIZE       =   ----    ----
   XDATA CONST SIZE =   ----    ----
   FAR CONST SIZE   =   ----    ----
END OF MODULE INFORMATION.


C51 COMPILATION COMPLETE.  0 WARNING(S),  0 ERROR(S)
